build/app/intermediates/manifest_merge_blame_file/debug/manifest-merger-blame-debug-report.txt
1<?xml version="1.0" encoding="utf-8"?>
2<manifest xmlns:android="http://schemas.android.com/apk/res/android"
3    package="com.example.quiz_app"
4    android:versionCode="1"
5    android:versionName="1.0.0" >
6
7    <uses-sdk
8        android:minSdkVersion="20"
9        android:targetSdkVersion="33" />
10    <!--
11         The INTERNET permission is required for development. Specifically,
12         the Flutter tool needs it to communicate with the running application
13         to allow setting breakpoints, to provide hot reload, etc.
14    -->
15    <uses-permission android:name="android.permission.INTERNET" />
15-->src/main/AndroidManifest.xml:6:5-67
15-->src/main/AndroidManifest.xml:6:22-64
16    <uses-permission android:name="android.permission.ACCESS_FINE_LOCATION" />
16-->src/main/AndroidManifest.xml:3:5-79
16-->src/main/AndroidManifest.xml:3:22-76
17    <uses-permission android:name="android.permission.ACCESS_COARSE_LOCATION" />
17-->src/main/AndroidManifest.xml:4:5-81
17-->src/main/AndroidManifest.xml:4:22-78
18    <uses-permission android:name="android.permission.ACCESS_BACKGROUND_LOCATION" />
18-->src/main/AndroidManifest.xml:5:5-85
18-->src/main/AndroidManifest.xml:5:22-82
19    <uses-permission android:name="android.permission.VIBRATE" />
19-->src/main/AndroidManifest.xml:7:5-66
19-->src/main/AndroidManifest.xml:7:22-63
20    <uses-permission android:name="android.permission.WAKE_LOCK" />
20-->src/main/AndroidManifest.xml:8:5-68
20-->src/main/AndroidManifest.xml:8:22-65
21    <uses-permission android:name="android.permission.ACCESS_NETWORK_STATE" /> <!-- Permissions options for the `notification` group -->
21-->[:firebase_messaging] AndroidManifest.xml:11:5-79
21-->[:firebase_messaging] AndroidManifest.xml:11:22-76
22    <uses-permission android:name="android.permission.POST_NOTIFICATIONS" />
22-->[:firebase_messaging] AndroidManifest.xml:13:5-77
22-->[:firebase_messaging] AndroidManifest.xml:13:22-74
23    <uses-permission android:name="android.permission.FOREGROUND_SERVICE" />
23-->[:geolocator_android] AndroidManifest.xml:9:5-77
23-->[:geolocator_android] AndroidManifest.xml:9:22-74
24    <uses-permission android:name="android.permission.RECEIVE_BOOT_COMPLETED" />
24-->[:flutter_local_notifications] AndroidManifest.xml:9:5-81
24-->[:flutter_local_notifications] AndroidManifest.xml:9:22-78
25    <uses-permission android:name="android.permission.USE_FULL_SCREEN_INTENT" />
25-->[:flutter_local_notifications] AndroidManifest.xml:11:5-81
25-->[:flutter_local_notifications] AndroidManifest.xml:11:22-78
26    <uses-permission android:name="android.permission.SCHEDULE_EXACT_ALARM" />
26-->[:flutter_local_notifications] AndroidManifest.xml:12:5-79
26-->[:flutter_local_notifications] AndroidManifest.xml:12:22-76
27
28    <uses-feature
28-->[com.google.android.gms:play-services-maps:18.1.0] AndroidManifest.xml:26:5-28:35
29        android:glEsVersion="0x00020000"
29-->[com.google.android.gms:play-services-maps:18.1.0] AndroidManifest.xml:27:9-41
30        android:required="true" />
30-->[com.google.android.gms:play-services-maps:18.1.0] AndroidManifest.xml:28:9-32
31
32    <queries>
32-->[com.google.android.gms:play-services-maps:18.1.0] AndroidManifest.xml:30:5-34:15
33
34        <!-- Needs to be explicitly declared on Android R+ -->
35        <package android:name="com.google.android.apps.maps" />
35-->[com.google.android.gms:play-services-maps:18.1.0] AndroidManifest.xml:33:9-64
35-->[com.google.android.gms:play-services-maps:18.1.0] AndroidManifest.xml:33:18-61
36    </queries> <!-- Required by older versions of Google Play services to create IID tokens -->
37    <uses-permission android:name="com.google.android.c2dm.permission.RECEIVE" />
37-->[com.google.firebase:firebase-messaging:23.1.2] AndroidManifest.xml:28:5-82
37-->[com.google.firebase:firebase-messaging:23.1.2] AndroidManifest.xml:28:22-79
38
39    <permission
39-->[androidx.core:core:1.10.1] AndroidManifest.xml:22:5-24:47
40        android:name="com.example.quiz_app.DYNAMIC_RECEIVER_NOT_EXPORTED_PERMISSION"
40-->[androidx.core:core:1.10.1] AndroidManifest.xml:23:9-81
41        android:protectionLevel="signature" />
41-->[androidx.core:core:1.10.1] AndroidManifest.xml:24:9-44
42
43    <uses-permission android:name="com.example.quiz_app.DYNAMIC_RECEIVER_NOT_EXPORTED_PERMISSION" />
43-->[androidx.core:core:1.10.1] AndroidManifest.xml:26:5-97
43-->[androidx.core:core:1.10.1] AndroidManifest.xml:26:22-94
44
45    <application
46        android:name="android.app.Application"
47        android:appComponentFactory="androidx.core.app.CoreComponentFactory"
47-->[androidx.core:core:1.10.1] AndroidManifest.xml:28:18-86
48        android:debuggable="true"
49        android:icon="@mipmap/ic_launcher"
50        android:label="quiz_app" >
51        <meta-data
52            android:name="com.google.android.geo.API_KEY"
53            android:value="AIzaSyDcEvJD33JGYZkWmH-x6EeIs76SDsU5NzI" />
54
55        <activity
56            android:name="com.example.quiz_app.MainActivity"
57            android:configChanges="orientation|keyboardHidden|keyboard|screenSize|smallestScreenSize|locale|layoutDirection|fontScale|screenLayout|density|uiMode"
58            android:exported="true"
59            android:hardwareAccelerated="true"
60            android:launchMode="singleTop"
61            android:theme="@style/LaunchTheme"
62            android:windowSoftInputMode="adjustResize" >
63
64            <!--
65                 Specifies an Android theme to apply to this Activity as soon as
66                 the Android process has started. This theme is visible to the user
67                 while the Flutter UI initializes. After that, this theme continues
68                 to determine the Window background behind the Flutter UI.
69            -->
70            <meta-data
71                android:name="io.flutter.embedding.android.NormalTheme"
72                android:resource="@style/NormalTheme" />
73
74            <intent-filter>
75                <action android:name="android.intent.action.MAIN" />
76
77                <category android:name="android.intent.category.LAUNCHER" />
78            </intent-filter>
79        </activity>
80        <!--
81             Don't delete the meta-data below.
82             This is used by the Flutter tool to generate GeneratedPluginRegistrant.java
83        -->
84        <meta-data
85            android:name="flutterEmbedding"
86            android:value="2" />
87
88        <service
88-->[:firebase_auth] AndroidManifest.xml:10:9-14:19
89            android:name="com.google.firebase.components.ComponentDiscoveryService"
89-->[:firebase_auth] AndroidManifest.xml:10:18-89
90            android:directBootAware="true"
90-->[com.google.firebase:firebase-common:20.3.2] AndroidManifest.xml:34:13-43
91            android:exported="false" >
91-->[com.google.firebase:firebase-auth:22.0.0] AndroidManifest.xml:68:13-37
92            <meta-data
92-->[:firebase_auth] AndroidManifest.xml:11:13-13:85
93                android:name="com.google.firebase.components:io.flutter.plugins.firebase.auth.FlutterFirebaseAuthRegistrar"
93-->[:firebase_auth] AndroidManifest.xml:12:17-124
94                android:value="com.google.firebase.components.ComponentRegistrar" />
94-->[:firebase_auth] AndroidManifest.xml:13:17-82
95            <meta-data
95-->[:firebase_messaging] AndroidManifest.xml:38:13-40:85
96                android:name="com.google.firebase.components:io.flutter.plugins.firebase.messaging.FlutterFirebaseAppRegistrar"
96-->[:firebase_messaging] AndroidManifest.xml:39:17-128
97                android:value="com.google.firebase.components.ComponentRegistrar" />
97-->[:firebase_messaging] AndroidManifest.xml:40:17-82
98            <meta-data
98-->[:firebase_core] AndroidManifest.xml:11:13-13:85
99                android:name="com.google.firebase.components:io.flutter.plugins.firebase.core.FlutterFirebaseCoreRegistrar"
99-->[:firebase_core] AndroidManifest.xml:12:17-124
100                android:value="com.google.firebase.components.ComponentRegistrar" />
100-->[:firebase_core] AndroidManifest.xml:13:17-82
101            <meta-data
101-->[com.google.firebase:firebase-auth:22.0.0] AndroidManifest.xml:69:13-71:85
102                android:name="com.google.firebase.components:com.google.firebase.auth.FirebaseAuthRegistrar"
102-->[com.google.firebase:firebase-auth:22.0.0] AndroidManifest.xml:70:17-109
103                android:value="com.google.firebase.components.ComponentRegistrar" />
103-->[com.google.firebase:firebase-auth:22.0.0] AndroidManifest.xml:71:17-82
104            <meta-data
104-->[com.google.firebase:firebase-messaging:23.1.2] AndroidManifest.xml:55:13-57:85
105                android:name="com.google.firebase.components:com.google.firebase.messaging.FirebaseMessagingRegistrar"
105-->[com.google.firebase:firebase-messaging:23.1.2] AndroidManifest.xml:56:17-119
106                android:value="com.google.firebase.components.ComponentRegistrar" />
106-->[com.google.firebase:firebase-messaging:23.1.2] AndroidManifest.xml:57:17-82
107            <meta-data
107-->[com.google.firebase:firebase-iid:21.1.0] AndroidManifest.xml:32:13-34:85
108                android:name="com.google.firebase.components:com.google.firebase.iid.Registrar"
108-->[com.google.firebase:firebase-iid:21.1.0] AndroidManifest.xml:33:17-96
109                android:value="com.google.firebase.components.ComponentRegistrar" />
109-->[com.google.firebase:firebase-iid:21.1.0] AndroidManifest.xml:34:17-82
110            <meta-data
110-->[com.google.firebase:firebase-installations:17.1.3] AndroidManifest.xml:17:13-19:85
111                android:name="com.google.firebase.components:com.google.firebase.installations.FirebaseInstallationsRegistrar"
111-->[com.google.firebase:firebase-installations:17.1.3] AndroidManifest.xml:18:17-127
112                android:value="com.google.firebase.components.ComponentRegistrar" />
112-->[com.google.firebase:firebase-installations:17.1.3] AndroidManifest.xml:19:17-82
113            <meta-data
113-->[com.google.firebase:firebase-datatransport:18.1.7] AndroidManifest.xml:27:13-29:85
114                android:name="com.google.firebase.components:com.google.firebase.datatransport.TransportRegistrar"
114-->[com.google.firebase:firebase-datatransport:18.1.7] AndroidManifest.xml:28:17-115
115                android:value="com.google.firebase.components.ComponentRegistrar" />
115-->[com.google.firebase:firebase-datatransport:18.1.7] AndroidManifest.xml:29:17-82
116        </service>
117        <service
117-->[:firebase_messaging] AndroidManifest.xml:16:9-19:72
118            android:name="io.flutter.plugins.firebase.messaging.FlutterFirebaseMessagingBackgroundService"
118-->[:firebase_messaging] AndroidManifest.xml:17:13-107
119            android:exported="false"
119-->[:firebase_messaging] AndroidManifest.xml:18:13-37
120            android:permission="android.permission.BIND_JOB_SERVICE" />
120-->[:firebase_messaging] AndroidManifest.xml:19:13-69
121        <service
121-->[:firebase_messaging] AndroidManifest.xml:20:9-26:19
122            android:name="io.flutter.plugins.firebase.messaging.FlutterFirebaseMessagingService"
122-->[:firebase_messaging] AndroidManifest.xml:21:13-97
123            android:exported="false" >
123-->[:firebase_messaging] AndroidManifest.xml:22:13-37
124            <intent-filter>
124-->[:firebase_messaging] AndroidManifest.xml:23:13-25:29
125                <action android:name="com.google.firebase.MESSAGING_EVENT" />
125-->[:firebase_messaging] AndroidManifest.xml:24:17-78
125-->[:firebase_messaging] AndroidManifest.xml:24:25-75
126            </intent-filter>
127        </service>
128
129        <receiver
129-->[:firebase_messaging] AndroidManifest.xml:28:9-35:20
130            android:name="io.flutter.plugins.firebase.messaging.FlutterFirebaseMessagingReceiver"
130-->[:firebase_messaging] AndroidManifest.xml:29:13-98
131            android:exported="true"
131-->[:firebase_messaging] AndroidManifest.xml:30:13-36
132            android:permission="com.google.android.c2dm.permission.SEND" >
132-->[:firebase_messaging] AndroidManifest.xml:31:13-73
133            <intent-filter>
133-->[:firebase_messaging] AndroidManifest.xml:32:13-34:29
134                <action android:name="com.google.android.c2dm.intent.RECEIVE" />
134-->[:firebase_messaging] AndroidManifest.xml:33:17-81
134-->[:firebase_messaging] AndroidManifest.xml:33:25-78
135            </intent-filter>
136        </receiver>
137
138        <provider
138-->[:firebase_messaging] AndroidManifest.xml:43:9-47:38
139            android:name="io.flutter.plugins.firebase.messaging.FlutterFirebaseMessagingInitProvider"
139-->[:firebase_messaging] AndroidManifest.xml:44:13-102
140            android:authorities="com.example.quiz_app.flutterfirebasemessaginginitprovider"
140-->[:firebase_messaging] AndroidManifest.xml:45:13-88
141            android:exported="false"
141-->[:firebase_messaging] AndroidManifest.xml:46:13-37
142            android:initOrder="99" />
142-->[:firebase_messaging] AndroidManifest.xml:47:13-35
143
144        <service
144-->[:geolocator_android] AndroidManifest.xml:12:9-16:56
145            android:name="com.baseflow.geolocator.GeolocatorLocationService"
145-->[:geolocator_android] AndroidManifest.xml:13:13-77
146            android:enabled="true"
146-->[:geolocator_android] AndroidManifest.xml:14:13-35
147            android:exported="false"
147-->[:geolocator_android] AndroidManifest.xml:15:13-37
148            android:foregroundServiceType="location" />
148-->[:geolocator_android] AndroidManifest.xml:16:13-53
149
150        <provider
150-->[:image_picker_android] AndroidManifest.xml:10:9-18:20
151            android:name="io.flutter.plugins.imagepicker.ImagePickerFileProvider"
151-->[:image_picker_android] AndroidManifest.xml:11:13-82
152            android:authorities="com.example.quiz_app.flutter.image_provider"
152-->[:image_picker_android] AndroidManifest.xml:12:13-74
153            android:exported="false"
153-->[:image_picker_android] AndroidManifest.xml:13:13-37
154            android:grantUriPermissions="true" >
154-->[:image_picker_android] AndroidManifest.xml:14:13-47
155            <meta-data
155-->[:image_picker_android] AndroidManifest.xml:15:13-17:75
156                android:name="android.support.FILE_PROVIDER_PATHS"
156-->[:image_picker_android] AndroidManifest.xml:16:17-67
157                android:resource="@xml/flutter_image_picker_file_paths" />
157-->[:image_picker_android] AndroidManifest.xml:17:17-72
158        </provider>
159
160        <receiver
160-->[:flutter_local_notifications] AndroidManifest.xml:16:9-18:40
161            android:name="com.dexterous.flutterlocalnotifications.ActionBroadcastReceiver"
161-->[:flutter_local_notifications] AndroidManifest.xml:17:13-91
162            android:exported="false" />
162-->[:flutter_local_notifications] AndroidManifest.xml:18:13-37
163        <receiver
163-->[:flutter_local_notifications] AndroidManifest.xml:19:9-21:40
164            android:name="com.dexterous.flutterlocalnotifications.ScheduledNotificationReceiver"
164-->[:flutter_local_notifications] AndroidManifest.xml:20:13-97
165            android:exported="false" />
165-->[:flutter_local_notifications] AndroidManifest.xml:21:13-37
166        <receiver
166-->[:flutter_local_notifications] AndroidManifest.xml:22:9-31:20
167            android:name="com.dexterous.flutterlocalnotifications.ScheduledNotificationBootReceiver"
167-->[:flutter_local_notifications] AndroidManifest.xml:23:13-101
168            android:exported="false" >
168-->[:flutter_local_notifications] AndroidManifest.xml:24:13-37
169            <intent-filter>
169-->[:flutter_local_notifications] AndroidManifest.xml:25:13-30:29
170                <action android:name="android.intent.action.BOOT_COMPLETED" />
170-->[:flutter_local_notifications] AndroidManifest.xml:26:17-79
170-->[:flutter_local_notifications] AndroidManifest.xml:26:25-76
171                <action android:name="android.intent.action.MY_PACKAGE_REPLACED" />
171-->[:flutter_local_notifications] AndroidManifest.xml:27:17-84
171-->[:flutter_local_notifications] AndroidManifest.xml:27:25-81
172                <action android:name="android.intent.action.QUICKBOOT_POWERON" />
172-->[:flutter_local_notifications] AndroidManifest.xml:28:17-82
172-->[:flutter_local_notifications] AndroidManifest.xml:28:25-79
173                <action android:name="com.htc.intent.action.QUICKBOOT_POWERON" />
173-->[:flutter_local_notifications] AndroidManifest.xml:29:17-82
173-->[:flutter_local_notifications] AndroidManifest.xml:29:25-79
174            </intent-filter>
175        </receiver>
176
177        <activity
177-->[:url_launcher_android] AndroidManifest.xml:10:9-13:74
178            android:name="io.flutter.plugins.urllauncher.WebViewActivity"
178-->[:url_launcher_android] AndroidManifest.xml:11:13-74
179            android:exported="false"
179-->[:url_launcher_android] AndroidManifest.xml:12:13-37
180            android:theme="@android:style/Theme.NoTitleBar.Fullscreen" />
180-->[:url_launcher_android] AndroidManifest.xml:13:13-71
181        <!--
182           Declares a provider which allows us to store files to share in
183           '.../caches/share_plus' and grant the receiving action access
184        -->
185        <provider
185-->[:share_plus] AndroidManifest.xml:15:9-23:20
186            android:name="dev.fluttercommunity.plus.share.ShareFileProvider"
186-->[:share_plus] AndroidManifest.xml:16:13-77
187            android:authorities="com.example.quiz_app.flutter.share_provider"
187-->[:share_plus] AndroidManifest.xml:17:13-74
188            android:exported="false"
188-->[:share_plus] AndroidManifest.xml:18:13-37
189            android:grantUriPermissions="true" >
189-->[:share_plus] AndroidManifest.xml:19:13-47
190            <meta-data
190-->[:image_picker_android] AndroidManifest.xml:15:13-17:75
191                android:name="android.support.FILE_PROVIDER_PATHS"
191-->[:image_picker_android] AndroidManifest.xml:16:17-67
192                android:resource="@xml/flutter_share_file_paths" />
192-->[:image_picker_android] AndroidManifest.xml:17:17-72
193        </provider>
194        <!--
195           This manifest declared broadcast receiver allows us to use an explicit
196           Intent when creating a PendingItent to be informed of the user's choice
197        -->
198        <receiver
198-->[:share_plus] AndroidManifest.xml:28:9-34:20
199            android:name="dev.fluttercommunity.plus.share.SharePlusPendingIntent"
199-->[:share_plus] AndroidManifest.xml:29:13-82
200            android:exported="false" >
200-->[:share_plus] AndroidManifest.xml:30:13-37
201            <intent-filter>
201-->[:share_plus] AndroidManifest.xml:31:13-33:29
202                <action android:name="EXTRA_CHOSEN_COMPONENT" />
202-->[:share_plus] AndroidManifest.xml:32:17-65
202-->[:share_plus] AndroidManifest.xml:32:25-62
203            </intent-filter>
204        </receiver>
205
206        <service
206-->[:location] AndroidManifest.xml:13:9-17:56
207            android:name="com.lyokone.location.FlutterLocationService"
207-->[:location] AndroidManifest.xml:14:13-71
208            android:enabled="true"
208-->[:location] AndroidManifest.xml:15:13-35
209            android:exported="false"
209-->[:location] AndroidManifest.xml:16:13-37
210            android:foregroundServiceType="location" /> <!-- Needs to be explicitly declared on P+ -->
210-->[:location] AndroidManifest.xml:17:13-53
211        <uses-library
211-->[com.google.android.gms:play-services-maps:18.1.0] AndroidManifest.xml:39:9-41:40
212            android:name="org.apache.http.legacy"
212-->[com.google.android.gms:play-services-maps:18.1.0] AndroidManifest.xml:40:13-50
213            android:required="false" />
213-->[com.google.android.gms:play-services-maps:18.1.0] AndroidManifest.xml:41:13-37
214
215        <activity
215-->[com.google.firebase:firebase-auth:22.0.0] AndroidManifest.xml:29:9-46:20
216            android:name="com.google.firebase.auth.internal.GenericIdpActivity"
216-->[com.google.firebase:firebase-auth:22.0.0] AndroidManifest.xml:30:13-80
217            android:excludeFromRecents="true"
217-->[com.google.firebase:firebase-auth:22.0.0] AndroidManifest.xml:31:13-46
218            android:exported="true"
218-->[com.google.firebase:firebase-auth:22.0.0] AndroidManifest.xml:32:13-36
219            android:launchMode="singleTask"
219-->[com.google.firebase:firebase-auth:22.0.0] AndroidManifest.xml:33:13-44
220            android:theme="@android:style/Theme.Translucent.NoTitleBar" >
220-->[com.google.firebase:firebase-auth:22.0.0] AndroidManifest.xml:34:13-72
221            <intent-filter>
221-->[com.google.firebase:firebase-auth:22.0.0] AndroidManifest.xml:35:13-45:29
222                <action android:name="android.intent.action.VIEW" />
222-->[com.google.firebase:firebase-auth:22.0.0] AndroidManifest.xml:36:17-69
222-->[com.google.firebase:firebase-auth:22.0.0] AndroidManifest.xml:36:25-66
223
224                <category android:name="android.intent.category.DEFAULT" />
224-->[com.google.firebase:firebase-auth:22.0.0] AndroidManifest.xml:38:17-76
224-->[com.google.firebase:firebase-auth:22.0.0] AndroidManifest.xml:38:27-73
225                <category android:name="android.intent.category.BROWSABLE" />
225-->[com.google.firebase:firebase-auth:22.0.0] AndroidManifest.xml:39:17-78
225-->[com.google.firebase:firebase-auth:22.0.0] AndroidManifest.xml:39:27-75
226
227                <data
227-->[com.google.firebase:firebase-auth:22.0.0] AndroidManifest.xml:41:17-44:51
228                    android:host="firebase.auth"
228-->[com.google.firebase:firebase-auth:22.0.0] AndroidManifest.xml:42:21-49
229                    android:path="/"
229-->[com.google.firebase:firebase-auth:22.0.0] AndroidManifest.xml:43:21-37
230                    android:scheme="genericidp" />
230-->[com.google.firebase:firebase-auth:22.0.0] AndroidManifest.xml:44:21-48
231            </intent-filter>
232        </activity>
233        <activity
233-->[com.google.firebase:firebase-auth:22.0.0] AndroidManifest.xml:47:9-64:20
234            android:name="com.google.firebase.auth.internal.RecaptchaActivity"
234-->[com.google.firebase:firebase-auth:22.0.0] AndroidManifest.xml:48:13-79
235            android:excludeFromRecents="true"
235-->[com.google.firebase:firebase-auth:22.0.0] AndroidManifest.xml:49:13-46
236            android:exported="true"
236-->[com.google.firebase:firebase-auth:22.0.0] AndroidManifest.xml:50:13-36
237            android:launchMode="singleTask"
237-->[com.google.firebase:firebase-auth:22.0.0] AndroidManifest.xml:51:13-44
238            android:theme="@android:style/Theme.Translucent.NoTitleBar" >
238-->[com.google.firebase:firebase-auth:22.0.0] AndroidManifest.xml:52:13-72
239            <intent-filter>
239-->[com.google.firebase:firebase-auth:22.0.0] AndroidManifest.xml:53:13-63:29
240                <action android:name="android.intent.action.VIEW" />
240-->[com.google.firebase:firebase-auth:22.0.0] AndroidManifest.xml:36:17-69
240-->[com.google.firebase:firebase-auth:22.0.0] AndroidManifest.xml:36:25-66
241
242                <category android:name="android.intent.category.DEFAULT" />
242-->[com.google.firebase:firebase-auth:22.0.0] AndroidManifest.xml:38:17-76
242-->[com.google.firebase:firebase-auth:22.0.0] AndroidManifest.xml:38:27-73
243                <category android:name="android.intent.category.BROWSABLE" />
243-->[com.google.firebase:firebase-auth:22.0.0] AndroidManifest.xml:39:17-78
243-->[com.google.firebase:firebase-auth:22.0.0] AndroidManifest.xml:39:27-75
244
245                <data
245-->[com.google.firebase:firebase-auth:22.0.0] AndroidManifest.xml:41:17-44:51
246                    android:host="firebase.auth"
246-->[com.google.firebase:firebase-auth:22.0.0] AndroidManifest.xml:42:21-49
247                    android:path="/"
247-->[com.google.firebase:firebase-auth:22.0.0] AndroidManifest.xml:43:21-37
248                    android:scheme="recaptcha" />
248-->[com.google.firebase:firebase-auth:22.0.0] AndroidManifest.xml:44:21-48
249            </intent-filter>
250        </activity>
251
252        <receiver
252-->[com.google.firebase:firebase-messaging:23.1.2] AndroidManifest.xml:31:9-38:20
253            android:name="com.google.firebase.iid.FirebaseInstanceIdReceiver"
253-->[com.google.firebase:firebase-messaging:23.1.2] AndroidManifest.xml:32:13-78
254            android:exported="true"
254-->[com.google.firebase:firebase-messaging:23.1.2] AndroidManifest.xml:33:13-36
255            android:permission="com.google.android.c2dm.permission.SEND" >
255-->[com.google.firebase:firebase-messaging:23.1.2] AndroidManifest.xml:34:13-73
256            <intent-filter>
256-->[:firebase_messaging] AndroidManifest.xml:32:13-34:29
257                <action android:name="com.google.android.c2dm.intent.RECEIVE" />
257-->[:firebase_messaging] AndroidManifest.xml:33:17-81
257-->[:firebase_messaging] AndroidManifest.xml:33:25-78
258            </intent-filter>
259        </receiver>
260        <!--
261             FirebaseMessagingService performs security checks at runtime,
262             but set to not exported to explicitly avoid allowing another app to call it.
263        -->
264        <service
264-->[com.google.firebase:firebase-messaging:23.1.2] AndroidManifest.xml:44:9-51:19
265            android:name="com.google.firebase.messaging.FirebaseMessagingService"
265-->[com.google.firebase:firebase-messaging:23.1.2] AndroidManifest.xml:45:13-82
266            android:directBootAware="true"
266-->[com.google.firebase:firebase-messaging:23.1.2] AndroidManifest.xml:46:13-43
267            android:exported="false" >
267-->[com.google.firebase:firebase-messaging:23.1.2] AndroidManifest.xml:47:13-37
268            <intent-filter android:priority="-500" >
268-->[:firebase_messaging] AndroidManifest.xml:23:13-25:29
269                <action android:name="com.google.firebase.MESSAGING_EVENT" />
269-->[:firebase_messaging] AndroidManifest.xml:24:17-78
269-->[:firebase_messaging] AndroidManifest.xml:24:25-75
270            </intent-filter>
271        </service>
272
273        <activity
273-->[com.google.android.gms:play-services-base:18.1.0] AndroidManifest.xml:20:9-22:45
274            android:name="com.google.android.gms.common.api.GoogleApiActivity"
274-->[com.google.android.gms:play-services-base:18.1.0] AndroidManifest.xml:20:19-85
275            android:exported="false"
275-->[com.google.android.gms:play-services-base:18.1.0] AndroidManifest.xml:22:19-43
276            android:theme="@android:style/Theme.Translucent.NoTitleBar" />
276-->[com.google.android.gms:play-services-base:18.1.0] AndroidManifest.xml:21:19-78
277
278        <provider
278-->[com.google.firebase:firebase-common:20.3.2] AndroidManifest.xml:25:9-30:39
279            android:name="com.google.firebase.provider.FirebaseInitProvider"
279-->[com.google.firebase:firebase-common:20.3.2] AndroidManifest.xml:26:13-77
280            android:authorities="com.example.quiz_app.firebaseinitprovider"
280-->[com.google.firebase:firebase-common:20.3.2] AndroidManifest.xml:27:13-72
281            android:directBootAware="true"
281-->[com.google.firebase:firebase-common:20.3.2] AndroidManifest.xml:28:13-43
282            android:exported="false"
282-->[com.google.firebase:firebase-common:20.3.2] AndroidManifest.xml:29:13-37
283            android:initOrder="100" />
283-->[com.google.firebase:firebase-common:20.3.2] AndroidManifest.xml:30:13-36
284
285        <meta-data
285-->[com.google.android.gms:play-services-basement:18.1.0] AndroidManifest.xml:21:9-23:69
286            android:name="com.google.android.gms.version"
286-->[com.google.android.gms:play-services-basement:18.1.0] AndroidManifest.xml:22:13-58
287            android:value="@integer/google_play_services_version" />
287-->[com.google.android.gms:play-services-basement:18.1.0] AndroidManifest.xml:23:13-66
288
289        <uses-library
289-->[androidx.window:window:1.0.0-beta04] AndroidManifest.xml:25:9-27:40
290            android:name="androidx.window.extensions"
290-->[androidx.window:window:1.0.0-beta04] AndroidManifest.xml:26:13-54
291            android:required="false" />
291-->[androidx.window:window:1.0.0-beta04] AndroidManifest.xml:27:13-37
292        <uses-library
292-->[androidx.window:window:1.0.0-beta04] AndroidManifest.xml:28:9-30:40
293            android:name="androidx.window.sidecar"
293-->[androidx.window:window:1.0.0-beta04] AndroidManifest.xml:29:13-51
294            android:required="false" />
294-->[androidx.window:window:1.0.0-beta04] AndroidManifest.xml:30:13-37
295
296        <provider
296-->[androidx.profileinstaller:profileinstaller:1.3.0] AndroidManifest.xml:24:9-32:20
297            android:name="androidx.startup.InitializationProvider"
297-->[androidx.profileinstaller:profileinstaller:1.3.0] AndroidManifest.xml:25:13-67
298            android:authorities="com.example.quiz_app.androidx-startup"
298-->[androidx.profileinstaller:profileinstaller:1.3.0] AndroidManifest.xml:26:13-68
299            android:exported="false" >
299-->[androidx.profileinstaller:profileinstaller:1.3.0] AndroidManifest.xml:27:13-37
300            <meta-data
300-->[androidx.profileinstaller:profileinstaller:1.3.0] AndroidManifest.xml:29:13-31:52
301                android:name="androidx.profileinstaller.ProfileInstallerInitializer"
301-->[androidx.profileinstaller:profileinstaller:1.3.0] AndroidManifest.xml:30:17-85
302                android:value="androidx.startup" />
302-->[androidx.profileinstaller:profileinstaller:1.3.0] AndroidManifest.xml:31:17-49
303        </provider>
304
305        <receiver
305-->[androidx.profileinstaller:profileinstaller:1.3.0] AndroidManifest.xml:34:9-52:20
306            android:name="androidx.profileinstaller.ProfileInstallReceiver"